<?xml version="1.0" encoding="UTF-8"?>
<!-- Generated by org.testng.reporters.JUnitReportReporter -->
<testsuite skipped="1" hostname="AK" name="hotelbookingrunnerclass.Runnerclass" tests="6" failures="0" timestamp="2022-10-02T08:44:56 IST" time="13.098" errors="0">
  <testcase name="loginpage_Details" time="1.784" classname="hotelbookingrunnerclass.Runnerclass"/>
  <system-out/>
  <testcase name="searchpage_Details" time="1.492" classname="hotelbookingrunnerclass.Runnerclass"/>
  <system-out/>
  <testcase name="selectpage_Details" time="1.026" classname="hotelbookingrunnerclass.Runnerclass"/>
  <system-out/>
  <testcase name="bookingpage_Details" time="8.246" classname="hotelbookingrunnerclass.Runnerclass"/>
  <system-out/>
  <testcase name="logoutpage_Details" time="0.550" classname="hotelbookingrunnerclass.Runnerclass"/>
  <system-out/>
  <testcase name="dummy_Method" classname="hotelbookingrunnerclass.Runnerclass">
    <skipped/>
  </testcase> <!-- dummy_Method -->
  <system-out/>
</testsuite> <!-- hotelbookingrunnerclass.Runnerclass -->
